<?xml version="1.0" encoding="UTF-8"?>
<!-- Generated by org.testng.reporters.JUnitReportReporter -->
<testsuite hostname="LAPTOP-9EB2FOHB" name="Testcases.LoginApplication" tests="1" failures="0" timestamp="14 Mar 2020 22:02:55 GMT" time="5.713" errors="0">
  <testcase name="login" time="5.713" classname="Testcases.LoginApplication"/>
</testsuite> <!-- Testcases.LoginApplication -->
